{"/Users/franco/Desktop/Projects/ReactWebpack/src/index.js": {"path":"/Users/franco/Desktop/Projects/ReactWebpack/src/index.js","statementMap":{},"fnMap":{},"branchMap":{},"s":{},"f":{},"b":{},"hash":"cf633aa2dd95114acde04e3ac24cab769776ffec"}
,"/Users/franco/Desktop/Projects/ReactWebpack/src/store.js": {"path":"/Users/franco/Desktop/Projects/ReactWebpack/src/store.js","statementMap":{"0":{"start":{"line":6,"column":20},"end":{"line":6,"column":25}},"1":{"start":{"line":7,"column":14},"end":{"line":10,"column":1}}},"fnMap":{},"branchMap":{},"s":{"0":1,"1":1},"f":{},"b":{},"_coverageSchema":"43e27e138ebf9cfc5966b082cf9a028302ed4184","hash":"a19d3a3d11b3321b4385655c4abd95ec95f958ff"}
,"/Users/franco/Desktop/Projects/ReactWebpack/src/components/App.js": {"path":"/Users/franco/Desktop/Projects/ReactWebpack/src/components/App.js","statementMap":{"0":{"start":{"line":17,"column":8},"end":{"line":28,"column":9}}},"fnMap":{"0":{"name":"(anonymous_0)","decl":{"start":{"line":15,"column":4},"end":{"line":15,"column":5}},"loc":{"start":{"line":15,"column":13},"end":{"line":30,"column":5}},"line":15}},"branchMap":{},"s":{"0":1},"f":{"0":1},"b":{},"_coverageSchema":"43e27e138ebf9cfc5966b082cf9a028302ed4184","hash":"8baae08bfe1dab6813849fddd57fbf8c428aa85b"}
,"/Users/franco/Desktop/Projects/ReactWebpack/src/components/auth/Login.js": {"path":"/Users/franco/Desktop/Projects/ReactWebpack/src/components/auth/Login.js","statementMap":{"0":{"start":{"line":7,"column":4},"end":{"line":24,"column":5}}},"fnMap":{"0":{"name":"(anonymous_0)","decl":{"start":{"line":6,"column":2},"end":{"line":6,"column":3}},"loc":{"start":{"line":6,"column":11},"end":{"line":25,"column":3}},"line":6}},"branchMap":{},"s":{"0":0},"f":{"0":0},"b":{},"_coverageSchema":"43e27e138ebf9cfc5966b082cf9a028302ed4184","hash":"a45a6f7d53b7f5b18bfca9f5dbe2f21500809a19"}
,"/Users/franco/Desktop/Projects/ReactWebpack/src/components/auth/Register.js": {"path":"/Users/franco/Desktop/Projects/ReactWebpack/src/components/auth/Register.js","statementMap":{"0":{"start":{"line":9,"column":4},"end":{"line":9,"column":58}},"1":{"start":{"line":10,"column":4},"end":{"line":10,"column":57}},"2":{"start":{"line":11,"column":4},"end":{"line":53,"column":5}}},"fnMap":{"0":{"name":"(anonymous_0)","decl":{"start":{"line":5,"column":2},"end":{"line":5,"column":3}},"loc":{"start":{"line":5,"column":11},"end":{"line":54,"column":3}},"line":5}},"branchMap":{"0":{"loc":{"start":{"line":26,"column":29},"end":{"line":26,"column":132}},"type":"binary-expr","locations":[{"start":{"line":26,"column":29},"end":{"line":26,"column":60}},{"start":{"line":26,"column":65},"end":{"line":26,"column":131}}],"line":26}},"s":{"0":0,"1":0,"2":0},"f":{"0":0},"b":{"0":[0,0]},"_coverageSchema":"43e27e138ebf9cfc5966b082cf9a028302ed4184","hash":"adae6dc2901162a7dfe7cf29de88c589f3364121"}
,"/Users/franco/Desktop/Projects/ReactWebpack/src/components/auth/loginContainer.js": {"path":"/Users/franco/Desktop/Projects/ReactWebpack/src/components/auth/loginContainer.js","statementMap":{"0":{"start":{"line":10,"column":8},"end":{"line":14,"column":9}}},"fnMap":{"0":{"name":"(anonymous_0)","decl":{"start":{"line":5,"column":4},"end":{"line":5,"column":5}},"loc":{"start":{"line":5,"column":18},"end":{"line":7,"column":5}},"line":5},"1":{"name":"(anonymous_1)","decl":{"start":{"line":8,"column":4},"end":{"line":8,"column":5}},"loc":{"start":{"line":8,"column":13},"end":{"line":15,"column":5}},"line":8}},"branchMap":{},"s":{"0":0},"f":{"0":0,"1":0},"b":{},"hash":"0f2a45c9973a9f8c20c83d83676552d217f67fce"}
,"/Users/franco/Desktop/Projects/ReactWebpack/src/components/auth/registerContainer.js": {"path":"/Users/franco/Desktop/Projects/ReactWebpack/src/components/auth/registerContainer.js","statementMap":{"0":{"start":{"line":9,"column":7},"end":{"line":9,"column":15}},"1":{"start":{"line":10,"column":7},"end":{"line":22,"column":8}},"2":{"start":{"line":26,"column":4},"end":{"line":26,"column":47}},"3":{"start":{"line":29,"column":4},"end":{"line":29,"column":50}},"4":{"start":{"line":30,"column":21},"end":{"line":30,"column":40}},"5":{"start":{"line":31,"column":28},"end":{"line":31,"column":47}},"6":{"start":{"line":32,"column":4},"end":{"line":42,"column":5}},"7":{"start":{"line":33,"column":7},"end":{"line":35,"column":9}},"8":{"start":{"line":37,"column":6},"end":{"line":41,"column":8}},"9":{"start":{"line":46,"column":4},"end":{"line":46,"column":50}},"10":{"start":{"line":49,"column":4},"end":{"line":49,"column":58}},"11":{"start":{"line":52,"column":4},"end":{"line":52,"column":51}},"12":{"start":{"line":55,"column":4},"end":{"line":55,"column":50}},"13":{"start":{"line":58,"column":4},"end":{"line":58,"column":49}},"14":{"start":{"line":62,"column":4},"end":{"line":62,"column":27}},"15":{"start":{"line":63,"column":20},"end":{"line":71,"column":5}},"16":{"start":{"line":73,"column":1},"end":{"line":73,"column":22}},"17":{"start":{"line":80,"column":20},"end":{"line":88,"column":5}},"18":{"start":{"line":89,"column":25},"end":{"line":100,"column":7}},"19":{"start":{"line":101,"column":4},"end":{"line":105,"column":5}}},"fnMap":{"0":{"name":"(anonymous_0)","decl":{"start":{"line":8,"column":3},"end":{"line":8,"column":4}},"loc":{"start":{"line":8,"column":17},"end":{"line":23,"column":4}},"line":8},"1":{"name":"(anonymous_1)","decl":{"start":{"line":25,"column":23},"end":{"line":25,"column":24}},"loc":{"start":{"line":25,"column":34},"end":{"line":27,"column":4}},"line":25},"2":{"name":"(anonymous_2)","decl":{"start":{"line":28,"column":26},"end":{"line":28,"column":27}},"loc":{"start":{"line":28,"column":37},"end":{"line":44,"column":4}},"line":28},"3":{"name":"(anonymous_3)","decl":{"start":{"line":45,"column":26},"end":{"line":45,"column":27}},"loc":{"start":{"line":45,"column":37},"end":{"line":47,"column":4}},"line":45},"4":{"name":"(anonymous_4)","decl":{"start":{"line":48,"column":33},"end":{"line":48,"column":34}},"loc":{"start":{"line":48,"column":44},"end":{"line":50,"column":4}},"line":48},"5":{"name":"(anonymous_5)","decl":{"start":{"line":51,"column":27},"end":{"line":51,"column":28}},"loc":{"start":{"line":51,"column":38},"end":{"line":53,"column":4}},"line":51},"6":{"name":"(anonymous_6)","decl":{"start":{"line":54,"column":26},"end":{"line":54,"column":27}},"loc":{"start":{"line":54,"column":37},"end":{"line":56,"column":4}},"line":54},"7":{"name":"(anonymous_7)","decl":{"start":{"line":57,"column":25},"end":{"line":57,"column":26}},"loc":{"start":{"line":57,"column":36},"end":{"line":59,"column":4}},"line":57},"8":{"name":"(anonymous_8)","decl":{"start":{"line":61,"column":18},"end":{"line":61,"column":19}},"loc":{"start":{"line":61,"column":29},"end":{"line":75,"column":1}},"line":61},"9":{"name":"(anonymous_9)","decl":{"start":{"line":77,"column":2},"end":{"line":77,"column":3}},"loc":{"start":{"line":77,"column":11},"end":{"line":106,"column":3}},"line":77}},"branchMap":{"0":{"loc":{"start":{"line":32,"column":4},"end":{"line":42,"column":5}},"type":"if","locations":[{"start":{"line":32,"column":4},"end":{"line":42,"column":5}},{"start":{"line":32,"column":4},"end":{"line":42,"column":5}}],"line":32}},"s":{"0":0,"1":0,"2":0,"3":0,"4":0,"5":0,"6":0,"7":0,"8":0,"9":0,"10":0,"11":0,"12":0,"13":0,"14":0,"15":0,"16":0,"17":0,"18":0,"19":0},"f":{"0":0,"1":0,"2":0,"3":0,"4":0,"5":0,"6":0,"7":0,"8":0,"9":0},"b":{"0":[0,0]},"_coverageSchema":"43e27e138ebf9cfc5966b082cf9a028302ed4184","hash":"7e0694adadb4f785ae2e471fba43d25933d48342"}
,"/Users/franco/Desktop/Projects/ReactWebpack/src/components/landing/BaseContent.js": {"path":"/Users/franco/Desktop/Projects/ReactWebpack/src/components/landing/BaseContent.js","statementMap":{"0":{"start":{"line":6,"column":4},"end":{"line":35,"column":5}}},"fnMap":{"0":{"name":"(anonymous_0)","decl":{"start":{"line":5,"column":2},"end":{"line":5,"column":3}},"loc":{"start":{"line":5,"column":11},"end":{"line":36,"column":3}},"line":5}},"branchMap":{},"s":{"0":0},"f":{"0":0},"b":{},"_coverageSchema":"43e27e138ebf9cfc5966b082cf9a028302ed4184","hash":"f84e802e8664f8d25a66b078be501bf87d88b388"}
,"/Users/franco/Desktop/Projects/ReactWebpack/src/components/landing/Landing.js": {"path":"/Users/franco/Desktop/Projects/ReactWebpack/src/components/landing/Landing.js","statementMap":{"0":{"start":{"line":9,"column":4},"end":{"line":16,"column":5}}},"fnMap":{"0":{"name":"(anonymous_0)","decl":{"start":{"line":8,"column":2},"end":{"line":8,"column":3}},"loc":{"start":{"line":8,"column":11},"end":{"line":17,"column":3}},"line":8}},"branchMap":{},"s":{"0":0},"f":{"0":0},"b":{},"_coverageSchema":"43e27e138ebf9cfc5966b082cf9a028302ed4184","hash":"9353f3a2abba9d0d58ce280f234725a4b04df9f9"}
,"/Users/franco/Desktop/Projects/ReactWebpack/src/components/landing/Navbar.js": {"path":"/Users/franco/Desktop/Projects/ReactWebpack/src/components/landing/Navbar.js","statementMap":{"0":{"start":{"line":7,"column":4},"end":{"line":30,"column":5}}},"fnMap":{"0":{"name":"(anonymous_0)","decl":{"start":{"line":6,"column":2},"end":{"line":6,"column":3}},"loc":{"start":{"line":6,"column":11},"end":{"line":31,"column":3}},"line":6}},"branchMap":{},"s":{"0":0},"f":{"0":0},"b":{},"_coverageSchema":"43e27e138ebf9cfc5966b082cf9a028302ed4184","hash":"1aa4937dbe15b57853a2b687c7538e92ee8ebfb8"}
,"/Users/franco/Desktop/Projects/ReactWebpack/src/components/landing/Welcome.js": {"path":"/Users/franco/Desktop/Projects/ReactWebpack/src/components/landing/Welcome.js","statementMap":{"0":{"start":{"line":6,"column":4},"end":{"line":23,"column":5}}},"fnMap":{"0":{"name":"(anonymous_0)","decl":{"start":{"line":5,"column":2},"end":{"line":5,"column":3}},"loc":{"start":{"line":5,"column":11},"end":{"line":24,"column":3}},"line":5}},"branchMap":{},"s":{"0":0},"f":{"0":0},"b":{},"_coverageSchema":"43e27e138ebf9cfc5966b082cf9a028302ed4184","hash":"3a1e4158b2f38e6866f5cbbc8e113909be73ddcf"}
,"/Users/franco/Desktop/Projects/ReactWebpack/src/reducers/authReducer.js": {"path":"/Users/franco/Desktop/Projects/ReactWebpack/src/reducers/authReducer.js","statementMap":{"0":{"start":{"line":2,"column":21},"end":{"line":7,"column":1}},"1":{"start":{"line":10,"column":4},"end":{"line":14,"column":5}},"2":{"start":{"line":13,"column":12},"end":{"line":13,"column":24}}},"fnMap":{"0":{"name":"(anonymous_0)","decl":{"start":{"line":9,"column":15},"end":{"line":9,"column":16}},"loc":{"start":{"line":9,"column":54},"end":{"line":15,"column":1}},"line":9}},"branchMap":{"0":{"loc":{"start":{"line":9,"column":24},"end":{"line":9,"column":44}},"type":"default-arg","locations":[{"start":{"line":9,"column":32},"end":{"line":9,"column":44}}],"line":9},"1":{"loc":{"start":{"line":10,"column":4},"end":{"line":14,"column":5}},"type":"switch","locations":[{"start":{"line":12,"column":8},"end":{"line":13,"column":24}}],"line":10}},"s":{"0":1,"1":3,"2":3},"f":{"0":3},"b":{"0":[3],"1":[3]},"_coverageSchema":"43e27e138ebf9cfc5966b082cf9a028302ed4184","hash":"8b9eb7c9883453f5c125b364bf38f3f7c37f8c5c"}
,"/Users/franco/Desktop/Projects/ReactWebpack/src/reducers/index.js": {"path":"/Users/franco/Desktop/Projects/ReactWebpack/src/reducers/index.js","statementMap":{},"fnMap":{},"branchMap":{},"s":{},"f":{},"b":{},"_coverageSchema":"43e27e138ebf9cfc5966b082cf9a028302ed4184","hash":"a8619b853aa2828a0b4e33baefeab06455a1ceb8"}
}
