TN:
SF:/Users/franco/Desktop/Projects/ReactWebpack/src/index.js
FNF:0
FNH:0
LF:0
LH:0
BRF:0
BRH:0
end_of_record
TN:
SF:/Users/franco/Desktop/Projects/ReactWebpack/src/store.js
FNF:0
FNH:0
DA:6,1
DA:7,1
LF:2
LH:2
BRF:0
BRH:0
end_of_record
TN:
SF:/Users/franco/Desktop/Projects/ReactWebpack/src/components/App.js
FN:15,(anonymous_0)
FNF:1
FNH:1
FNDA:1,(anonymous_0)
DA:17,1
LF:1
LH:1
BRF:0
BRH:0
end_of_record
TN:
SF:/Users/franco/Desktop/Projects/ReactWebpack/src/components/auth/Login.js
FN:6,(anonymous_0)
FNF:1
FNH:0
FNDA:0,(anonymous_0)
DA:7,0
LF:1
LH:0
BRF:0
BRH:0
end_of_record
TN:
SF:/Users/franco/Desktop/Projects/ReactWebpack/src/components/auth/Register.js
FN:5,(anonymous_0)
FNF:1
FNH:0
FNDA:0,(anonymous_0)
DA:9,0
DA:10,0
DA:11,0
LF:3
LH:0
BRDA:26,0,0,0
BRDA:26,0,1,0
BRF:2
BRH:0
end_of_record
TN:
SF:/Users/franco/Desktop/Projects/ReactWebpack/src/components/auth/loginContainer.js
FN:5,(anonymous_0)
FN:8,(anonymous_1)
FNF:2
FNH:0
FNDA:0,(anonymous_0)
FNDA:0,(anonymous_1)
DA:10,0
LF:1
LH:0
BRF:0
BRH:0
end_of_record
TN:
SF:/Users/franco/Desktop/Projects/ReactWebpack/src/components/auth/registerContainer.js
FN:8,(anonymous_0)
FN:25,(anonymous_1)
FN:28,(anonymous_2)
FN:45,(anonymous_3)
FN:48,(anonymous_4)
FN:51,(anonymous_5)
FN:54,(anonymous_6)
FN:57,(anonymous_7)
FN:61,(anonymous_8)
FN:77,(anonymous_9)
FNF:10
FNH:0
FNDA:0,(anonymous_0)
FNDA:0,(anonymous_1)
FNDA:0,(anonymous_2)
FNDA:0,(anonymous_3)
FNDA:0,(anonymous_4)
FNDA:0,(anonymous_5)
FNDA:0,(anonymous_6)
FNDA:0,(anonymous_7)
FNDA:0,(anonymous_8)
FNDA:0,(anonymous_9)
DA:9,0
DA:10,0
DA:26,0
DA:29,0
DA:30,0
DA:31,0
DA:32,0
DA:33,0
DA:37,0
DA:46,0
DA:49,0
DA:52,0
DA:55,0
DA:58,0
DA:62,0
DA:63,0
DA:73,0
DA:80,0
DA:89,0
DA:101,0
LF:20
LH:0
BRDA:32,0,0,0
BRDA:32,0,1,0
BRF:2
BRH:0
end_of_record
TN:
SF:/Users/franco/Desktop/Projects/ReactWebpack/src/components/landing/BaseContent.js
FN:5,(anonymous_0)
FNF:1
FNH:0
FNDA:0,(anonymous_0)
DA:6,0
LF:1
LH:0
BRF:0
BRH:0
end_of_record
TN:
SF:/Users/franco/Desktop/Projects/ReactWebpack/src/components/landing/Landing.js
FN:8,(anonymous_0)
FNF:1
FNH:0
FNDA:0,(anonymous_0)
DA:9,0
LF:1
LH:0
BRF:0
BRH:0
end_of_record
TN:
SF:/Users/franco/Desktop/Projects/ReactWebpack/src/components/landing/Navbar.js
FN:6,(anonymous_0)
FNF:1
FNH:0
FNDA:0,(anonymous_0)
DA:7,0
LF:1
LH:0
BRF:0
BRH:0
end_of_record
TN:
SF:/Users/franco/Desktop/Projects/ReactWebpack/src/components/landing/Welcome.js
FN:5,(anonymous_0)
FNF:1
FNH:0
FNDA:0,(anonymous_0)
DA:6,0
LF:1
LH:0
BRF:0
BRH:0
end_of_record
TN:
SF:/Users/franco/Desktop/Projects/ReactWebpack/src/reducers/authReducer.js
FN:9,(anonymous_0)
FNF:1
FNH:1
FNDA:3,(anonymous_0)
DA:2,1
DA:10,3
DA:13,3
LF:3
LH:3
BRDA:9,0,0,3
BRDA:10,1,0,3
BRF:2
BRH:2
end_of_record
TN:
SF:/Users/franco/Desktop/Projects/ReactWebpack/src/reducers/index.js
FNF:0
FNH:0
LF:0
LH:0
BRF:0
BRH:0
end_of_record
